1455734109 - checkAuth in /raid/vugluskr/projects/_autoservice/app/__logs.php on line 17
1455734109 - checkAuth in /raid/vugluskr/projects/_autoservice/app/__logs.php on line 17
1455734158 - checkAuth in /raid/vugluskr/projects/_autoservice/app/__logs.php on line 17
1455734159 - checkAuth in /raid/vugluskr/projects/_autoservice/app/__logs.php on line 17
1455734281 - sdfs in /raid/vugluskr/projects/_autoservice/app/__logs.php on line 17
1455734284 - sdfsd in /raid/vugluskr/projects/_autoservice/app/__logs.php on line 17
1455734287 -  in /raid/vugluskr/projects/_autoservice/app/__logs.php on line 17
1455734289 - sfdgdf in /raid/vugluskr/projects/_autoservice/app/__logs.php on line 17
1455734295 - test in /raid/vugluskr/projects/_autoservice/app/__logs.php on line 17
1455734308 - 12345 in /raid/vugluskr/projects/_autoservice/app/__logs.php on line 17
1455734319 - e10adc3949ba59abbe56e057f20f883e in /raid/vugluskr/projects/_autoservice/app/__logs.php on line 17
1455734325 - 098f6bcd4621d373cade4e832627b4f6 in /raid/vugluskr/projects/_autoservice/app/__logs.php on line 17
1455734363 - User Object
(
    [reflectionObject:SimpleOrm:private] => 
    [loadMethod:SimpleOrm:private] => 2
    [loadData:SimpleOrm:private] => Array
        (
            [id] => 1
            [name] => test
            [password] => 098f6bcd4621d373cade4e832627b4f6
            [role] => 1
            [created_at] => 2016-02-17 23:28:35
            [updated_at] => 0000-00-00 00:00:00
        )

    [modifiedFields:SimpleOrm:private] => Array
        (
        )

    [isNew:SimpleOrm:private] => 
    [parentObject:protected] => 
    [ignoreKeyOnUpdate:protected] => 1
    [ignoreKeyOnInsert:protected] => 1
    [id] => 1
    [name] => test
    [password] => 098f6bcd4621d373cade4e832627b4f6
    [role] => 1
    [created_at] => 2016-02-17 23:28:35
    [updated_at] => 0000-00-00 00:00:00
)
 in /raid/vugluskr/projects/_autoservice/app/__logs.php on line 17
1455734498 - test in /raid/vugluskr/projects/_autoservice/app/__logs.php on line 17
1455734499 - test in /raid/vugluskr/projects/_autoservice/app/__logs.php on line 17
1455734500 - test in /raid/vugluskr/projects/_autoservice/app/__logs.php on line 17
1455734500 - test in /raid/vugluskr/projects/_autoservice/app/__logs.php on line 17
1455734501 - test in /raid/vugluskr/projects/_autoservice/app/__logs.php on line 17
1455734502 - test in /raid/vugluskr/projects/_autoservice/app/__logs.php on line 17
1455734503 - test in /raid/vugluskr/projects/_autoservice/app/__logs.php on line 17
1455734503 - test in /raid/vugluskr/projects/_autoservice/app/__logs.php on line 17
1455734504 - test in /raid/vugluskr/projects/_autoservice/app/__logs.php on line 17
1455734504 - test in /raid/vugluskr/projects/_autoservice/app/__logs.php on line 17
1455734504 - test in /raid/vugluskr/projects/_autoservice/app/__logs.php on line 17
1455734505 - test in /raid/vugluskr/projects/_autoservice/app/__logs.php on line 17
1455734505 - test in /raid/vugluskr/projects/_autoservice/app/__logs.php on line 17
1455734505 - test in /raid/vugluskr/projects/_autoservice/app/__logs.php on line 17
1455734506 - test in /raid/vugluskr/projects/_autoservice/app/__logs.php on line 17
1455734506 - test in /raid/vugluskr/projects/_autoservice/app/__logs.php on line 17
1455734506 - test in /raid/vugluskr/projects/_autoservice/app/__logs.php on line 17
1455734506 - test in /raid/vugluskr/projects/_autoservice/app/__logs.php on line 17
1455734507 - test in /raid/vugluskr/projects/_autoservice/app/__logs.php on line 17
1455734507 - test in /raid/vugluskr/projects/_autoservice/app/__logs.php on line 17
1455734507 - test in /raid/vugluskr/projects/_autoservice/app/__logs.php on line 17
1455734507 - test in /raid/vugluskr/projects/_autoservice/app/__logs.php on line 17
1455734507 - test in /raid/vugluskr/projects/_autoservice/app/__logs.php on line 17
1455734508 - test in /raid/vugluskr/projects/_autoservice/app/__logs.php on line 17
1455734508 - test in /raid/vugluskr/projects/_autoservice/app/__logs.php on line 17
1455734508 - test in /raid/vugluskr/projects/_autoservice/app/__logs.php on line 17
1455734508 - test in /raid/vugluskr/projects/_autoservice/app/__logs.php on line 17
1455734509 - test in /raid/vugluskr/projects/_autoservice/app/__logs.php on line 17
1455735321 - exitUser in /raid/vugluskr/projects/_autoservice/app/__logs.php on line 17
1455735324 - exitUser in /raid/vugluskr/projects/_autoservice/app/__logs.php on line 17
1455735325 - exitUser in /raid/vugluskr/projects/_autoservice/app/__logs.php on line 17
1455735342 - exitUser in /raid/vugluskr/projects/_autoservice/app/__logs.php on line 17
1455735367 - exitUser in /raid/vugluskr/projects/_autoservice/app/__logs.php on line 17
1455735368 - exitUser in /raid/vugluskr/projects/_autoservice/app/__logs.php on line 17
1455735371 - exitUser in /raid/vugluskr/projects/_autoservice/app/__logs.php on line 17
1455735396 - exitUser in /raid/vugluskr/projects/_autoservice/app/__logs.php on line 17
1455735414 - test in /raid/vugluskr/projects/_autoservice/app/__logs.php on line 17
1455735416 - test in /raid/vugluskr/projects/_autoservice/app/__logs.php on line 17
1455735421 - test in /raid/vugluskr/projects/_autoservice/app/__logs.php on line 17
1455735421 - test in /raid/vugluskr/projects/_autoservice/app/__logs.php on line 17
1455735435 - test in /raid/vugluskr/projects/_autoservice/app/__logs.php on line 17
1455735437 - test in /raid/vugluskr/projects/_autoservice/app/__logs.php on line 17
1455735438 - test in /raid/vugluskr/projects/_autoservice/app/__logs.php on line 17
1455735797 -  in /raid/vugluskr/projects/_autoservice/app/__logs.php on line 17
1455735961 - test in /raid/vugluskr/projects/_autoservice/app/__logs.php on line 17
1455735962 - test in /raid/vugluskr/projects/_autoservice/app/__logs.php on line 17
1455735963 - test in /raid/vugluskr/projects/_autoservice/app/__logs.php on line 17
1455735995 - test in /raid/vugluskr/projects/_autoservice/app/__logs.php on line 17
1455736016 - test in /raid/vugluskr/projects/_autoservice/app/__logs.php on line 17
1455736025 - test in /raid/vugluskr/projects/_autoservice/app/__logs.php on line 17
1455741406 - test in /raid/vugluskr/projects/_autoservice/app/__logs.php on line 17
1455742863 - UNDEFINED_EVENT_ID in /raid/vugluskr/projects/_autoservice/app/__logs.php on line 10
1455742864 - UNDEFINED_EVENT_ID in /raid/vugluskr/projects/_autoservice/app/__logs.php on line 10
1455742864 - UNDEFINED_EVENT_ID in /raid/vugluskr/projects/_autoservice/app/__logs.php on line 10
1455742887 - UNDEFINED_EVENT_ID in /raid/vugluskr/projects/_autoservice/app/__logs.php on line 10
1455742888 - UNDEFINED_EVENT_ID in /raid/vugluskr/projects/_autoservice/app/__logs.php on line 10
1455742904 - UNDEFINED_EVENT_ID in /raid/vugluskr/projects/_autoservice/app/__logs.php on line 10
1455742907 - UNDEFINED_EVENT_ID in /raid/vugluskr/projects/_autoservice/app/__logs.php on line 10
1455742907 - UNDEFINED_EVENT_ID in /raid/vugluskr/projects/_autoservice/app/__logs.php on line 10
1455742937 - UNDEFINED_EVENT_ID in /raid/vugluskr/projects/_autoservice/app/__logs.php on line 10
1455742942 - UNDEFINED_EVENT_ID in /raid/vugluskr/projects/_autoservice/app/__logs.php on line 10
1455742954 - UNDEFINED_EVENT_ID in /raid/vugluskr/projects/_autoservice/app/__logs.php on line 10
1455742955 - UNDEFINED_EVENT_ID in /raid/vugluskr/projects/_autoservice/app/__logs.php on line 10
1455742997 - 1 in /raid/vugluskr/projects/_autoservice/app/__logs.php on line 17
1455742997 - UNDEFINED_EVENT_ID in /raid/vugluskr/projects/_autoservice/app/__logs.php on line 10
1455742997 - 1 in /raid/vugluskr/projects/_autoservice/app/__logs.php on line 17
1455742997 - UNDEFINED_EVENT_ID in /raid/vugluskr/projects/_autoservice/app/__logs.php on line 10
1455743007 - 1 in /raid/vugluskr/projects/_autoservice/app/__logs.php on line 17
1455743007 - UNDEFINED_EVENT_ID in /raid/vugluskr/projects/_autoservice/app/__logs.php on line 10
1455743008 - 1 in /raid/vugluskr/projects/_autoservice/app/__logs.php on line 17
1455743008 - UNDEFINED_EVENT_ID in /raid/vugluskr/projects/_autoservice/app/__logs.php on line 10
1455743013 - 1 in /raid/vugluskr/projects/_autoservice/app/__logs.php on line 17
1455743013 - UNDEFINED_EVENT_ID in /raid/vugluskr/projects/_autoservice/app/__logs.php on line 10
1455743014 - 1 in /raid/vugluskr/projects/_autoservice/app/__logs.php on line 17
1455743014 - UNDEFINED_EVENT_ID in /raid/vugluskr/projects/_autoservice/app/__logs.php on line 10
1455743015 - 1 in /raid/vugluskr/projects/_autoservice/app/__logs.php on line 17
1455743015 - UNDEFINED_EVENT_ID in /raid/vugluskr/projects/_autoservice/app/__logs.php on line 10
1455743016 - 1 in /raid/vugluskr/projects/_autoservice/app/__logs.php on line 17
1455743016 - UNDEFINED_EVENT_ID in /raid/vugluskr/projects/_autoservice/app/__logs.php on line 10
1455743017 - 1 in /raid/vugluskr/projects/_autoservice/app/__logs.php on line 17
1455743017 - UNDEFINED_EVENT_ID in /raid/vugluskr/projects/_autoservice/app/__logs.php on line 10
1455743024 - 1 in /raid/vugluskr/projects/_autoservice/app/__logs.php on line 17
1455743024 - UNDEFINED_EVENT_ID in /raid/vugluskr/projects/_autoservice/app/__logs.php on line 10
1455743027 - Array
(
    [action] => MOVE
)
 in /raid/vugluskr/projects/_autoservice/app/__logs.php on line 17
1455743027 - UNDEFINED_EVENT_ID in /raid/vugluskr/projects/_autoservice/app/__logs.php on line 10
1455743051 - Array
(
    [action] => MOVE
)
 in /raid/vugluskr/projects/_autoservice/app/__logs.php on line 17
1455743051 - UNDEFINED_EVENT_ID in /raid/vugluskr/projects/_autoservice/app/__logs.php on line 10
1455743105 - Array
(
    [action] => MOVE
    [id] => 1
)
 in /raid/vugluskr/projects/_autoservice/app/__logs.php on line 17
1455743105 - UNDEFINED_START_TIME in /raid/vugluskr/projects/_autoservice/app/__logs.php on line 10
1455743110 - Array
(
    [action] => MOVE
    [id] => 1
)
 in /raid/vugluskr/projects/_autoservice/app/__logs.php on line 17
1455743110 - UNDEFINED_START_TIME in /raid/vugluskr/projects/_autoservice/app/__logs.php on line 10
1455743114 - Array
(
    [action] => MOVE
    [id] => 1
)
 in /raid/vugluskr/projects/_autoservice/app/__logs.php on line 17
1455743114 - UNDEFINED_START_TIME in /raid/vugluskr/projects/_autoservice/app/__logs.php on line 10
1455743115 - Array
(
    [action] => MOVE
    [id] => 1
)
 in /raid/vugluskr/projects/_autoservice/app/__logs.php on line 17
1455743115 - UNDEFINED_START_TIME in /raid/vugluskr/projects/_autoservice/app/__logs.php on line 10
1455743116 - Array
(
    [action] => MOVE
    [id] => 1
)
 in /raid/vugluskr/projects/_autoservice/app/__logs.php on line 17
1455743116 - UNDEFINED_START_TIME in /raid/vugluskr/projects/_autoservice/app/__logs.php on line 10
1455743130 - Array
(
    [action] => MOVE
    [id] => 1
)
 in /raid/vugluskr/projects/_autoservice/app/__logs.php on line 17
1455743130 - UNDEFINED_START_TIME in /raid/vugluskr/projects/_autoservice/app/__logs.php on line 10
1455743148 - Array
(
    [action] => MOVE
    [id] => 1
)
 in /raid/vugluskr/projects/_autoservice/app/__logs.php on line 17
1455743148 - UNDEFINED_START_TIME in /raid/vugluskr/projects/_autoservice/app/__logs.php on line 10
1455743164 - Array
(
    [action] => MOVE
    [id] => 1
)
 in /raid/vugluskr/projects/_autoservice/app/__logs.php on line 17
1455743164 - UNDEFINED_START_TIME in /raid/vugluskr/projects/_autoservice/app/__logs.php on line 10
1455743300 - Array
(
    [action] => MOVE
    [id] => 2
)
 in /raid/vugluskr/projects/_autoservice/app/__logs.php on line 17
1455743300 - UNDEFINED_START_TIME in /raid/vugluskr/projects/_autoservice/app/__logs.php on line 10
1455743301 - Array
(
    [action] => MOVE
    [id] => 2
)
 in /raid/vugluskr/projects/_autoservice/app/__logs.php on line 17
1455743301 - UNDEFINED_START_TIME in /raid/vugluskr/projects/_autoservice/app/__logs.php on line 10
1455743302 - Array
(
    [action] => MOVE
    [id] => 2
)
 in /raid/vugluskr/projects/_autoservice/app/__logs.php on line 17
1455743302 - UNDEFINED_START_TIME in /raid/vugluskr/projects/_autoservice/app/__logs.php on line 10
1455743303 - Array
(
    [action] => MOVE
    [id] => 2
)
 in /raid/vugluskr/projects/_autoservice/app/__logs.php on line 17
1455743303 - UNDEFINED_START_TIME in /raid/vugluskr/projects/_autoservice/app/__logs.php on line 10
1455743303 - Array
(
    [action] => MOVE
    [id] => 2
)
 in /raid/vugluskr/projects/_autoservice/app/__logs.php on line 17
1455743303 - UNDEFINED_START_TIME in /raid/vugluskr/projects/_autoservice/app/__logs.php on line 10
1455743306 - Array
(
    [action] => MOVE
    [id] => 2
)
 in /raid/vugluskr/projects/_autoservice/app/__logs.php on line 17
1455743306 - UNDEFINED_START_TIME in /raid/vugluskr/projects/_autoservice/app/__logs.php on line 10
1455743312 - Array
(
    [action] => MOVE
    [id] => 1
)
 in /raid/vugluskr/projects/_autoservice/app/__logs.php on line 17
1455743312 - UNDEFINED_START_TIME in /raid/vugluskr/projects/_autoservice/app/__logs.php on line 10
1455743313 - Array
(
    [action] => MOVE
    [id] => 1
)
 in /raid/vugluskr/projects/_autoservice/app/__logs.php on line 17
1455743313 - UNDEFINED_START_TIME in /raid/vugluskr/projects/_autoservice/app/__logs.php on line 10
1455743325 - Array
(
    [action] => MOVE
    [id] => 1
)
 in /raid/vugluskr/projects/_autoservice/app/__logs.php on line 17
1455743325 - UNDEFINED_START_TIME in /raid/vugluskr/projects/_autoservice/app/__logs.php on line 10
1455743348 - Array
(
    [action] => MOVE
    [id] => 1
)
 in /raid/vugluskr/projects/_autoservice/app/__logs.php on line 17
1455743348 - UNDEFINED_START_TIME in /raid/vugluskr/projects/_autoservice/app/__logs.php on line 10
1455743437 - Array
(
    [action] => MOVE
    [id] => 1
    [startdatetime] => 2016-02-19 00:00
    [enddatetime] => 2016-02-20 00:00
)
 in /raid/vugluskr/projects/_autoservice/app/__logs.php on line 17
1455743496 - Array
(
    [action] => MOVE
    [id] => 1
    [startdatetime] => 2016-02-19 00:00
    [enddatetime] => 2016-02-20 00:00
)
 in /raid/vugluskr/projects/_autoservice/app/__logs.php on line 17
1455743512 - Array
(
    [action] => MOVE
    [id] => 1
    [startdatetime] => 2016-02-19 00:00
    [enddatetime] => 2016-02-20 00:00
)
 in /raid/vugluskr/projects/_autoservice/app/__logs.php on line 17
1455743530 - Array
(
    [action] => MOVE
    [id] => 1
    [startdatetime] => 2016-02-19 00:00
    [enddatetime] => 2016-02-20 00:00
)
 in /raid/vugluskr/projects/_autoservice/app/__logs.php on line 17
1455743549 - Array
(
    [action] => MOVE
    [id] => 1
    [startdatetime] => 2016-02-19 00:00
    [enddatetime] => 2016-02-20 00:00
)
 in /raid/vugluskr/projects/_autoservice/app/__logs.php on line 17
1455743564 - Array
(
    [action] => MOVE
    [id] => 1
    [startdatetime] => 2016-02-20 00:00
    [enddatetime] => 2016-02-21 00:00
)
 in /raid/vugluskr/projects/_autoservice/app/__logs.php on line 17
1455743628 - Array
(
    [action] => MOVE
    [id] => 1
    [startdatetime] => 2016-02-21 00:00
    [enddatetime] => 2016-02-27 00:00
)
 in /raid/vugluskr/projects/_autoservice/app/__logs.php on line 17
1455743658 - Array
(
    [action] => MOVE
    [id] => 1
    [startdatetime] => 2016-02-03 00:00
    [enddatetime] => 2016-02-04 00:00
)
 in /raid/vugluskr/projects/_autoservice/app/__logs.php on line 17
1455743723 - Array
(
    [action] => MOVE
    [id] => 1
    [startdatetime] => 2016-02-05 00:00
    [enddatetime] => 2016-02-07 00:00
)
 in /raid/vugluskr/projects/_autoservice/app/__logs.php on line 17
1455743736 - Array
(
    [action] => DELETE
    [id] => 1
)
 in /raid/vugluskr/projects/_autoservice/app/__logs.php on line 17
1455783744 - test in /raid/vugluskr/projects/_autoservice/app/__logs.php on line 17
1455783748 - test in /raid/vugluskr/projects/_autoservice/app/__logs.php on line 17
1455783765 - test in /raid/vugluskr/projects/_autoservice/app/__logs.php on line 17
1455783767 - test in /raid/vugluskr/projects/_autoservice/app/__logs.php on line 17
1455783770 -  in /raid/vugluskr/projects/_autoservice/app/__logs.php on line 17
1455783771 - test in /raid/vugluskr/projects/_autoservice/app/__logs.php on line 17
1455783772 - test in /raid/vugluskr/projects/_autoservice/app/__logs.php on line 17
1455783780 - test in /raid/vugluskr/projects/_autoservice/app/__logs.php on line 17
1455783782 - test in /raid/vugluskr/projects/_autoservice/app/__logs.php on line 17
1455783909 - Array
(
    [action] => MOVE
    [id] => 2
    [startdatetime] => 2016-02-06 00:00
    [enddatetime] => 2016-02-07 00:00
)
 in /raid/vugluskr/projects/_autoservice/app/__logs.php on line 17
1455783920 - Array
(
    [action] => MOVE
    [id] => 2
    [startdatetime] => 2016-02-01 00:00
    [enddatetime] => 2016-02-02 00:00
)
 in /raid/vugluskr/projects/_autoservice/app/__logs.php on line 17
1455783923 - Array
(
    [action] => DELETE
    [id] => 2
)
 in /raid/vugluskr/projects/_autoservice/app/__logs.php on line 17
1456830515 - source in /raid/vugluskr/projects/_autoservice/app/libs/__logs.php on line 22
1456830526 - source in /raid/vugluskr/projects/_autoservice/app/libs/__logs.php on line 22
1456830528 - source in /raid/vugluskr/projects/_autoservice/app/libs/__logs.php on line 22
1456830580 - source in /raid/vugluskr/projects/_autoservice/app/libs/__logs.php on line 22
1456830623 - source in /raid/vugluskr/projects/_autoservice/app/libs/__logs.php on line 22
1456830626 - source in /raid/vugluskr/projects/_autoservice/app/libs/__logs.php on line 22
1456830628 - source in /raid/vugluskr/projects/_autoservice/app/libs/__logs.php on line 22
1456830643 - source in /raid/vugluskr/projects/_autoservice/app/libs/__logs.php on line 22
1456830679 - source in /raid/vugluskr/projects/_autoservice/app/libs/__logs.php on line 22
1456830914 - source in /raid/vugluskr/projects/_autoservice/app/libs/__logs.php on line 22
1456830916 - source in /raid/vugluskr/projects/_autoservice/app/libs/__logs.php on line 22
1456830929 - source in /raid/vugluskr/projects/_autoservice/app/libs/__logs.php on line 22
1456831028 - source in /raid/vugluskr/projects/_autoservice/app/libs/__logs.php on line 22
1456831058 - CREATE EVENT ROUTE in /raid/vugluskr/projects/_autoservice/app/libs/__logs.php on line 22
1456831058 - Save CustomerCar 4  in /raid/vugluskr/projects/_autoservice/app/libs/__logs.php on line 22
1456831058 - Save CustomerCar 2  in /raid/vugluskr/projects/_autoservice/app/libs/__logs.php on line 22
1456831058 - Save rat event 1  in /raid/vugluskr/projects/_autoservice/app/libs/__logs.php on line 22
1456831060 - source in /raid/vugluskr/projects/_autoservice/app/libs/__logs.php on line 22
1456831110 - CREATE EVENT ROUTE in /raid/vugluskr/projects/_autoservice/app/libs/__logs.php on line 22
1456831110 - Save CustomerCar 1  in /raid/vugluskr/projects/_autoservice/app/libs/__logs.php on line 22
1456831110 - Save CustomerCar 3  in /raid/vugluskr/projects/_autoservice/app/libs/__logs.php on line 22
1456831110 - Save rat event 2  in /raid/vugluskr/projects/_autoservice/app/libs/__logs.php on line 22
1456831113 - source in /raid/vugluskr/projects/_autoservice/app/libs/__logs.php on line 22
1456831185 - source in /raid/vugluskr/projects/_autoservice/app/libs/__logs.php on line 22
1456831264 - CREATE EVENT ROUTE in /raid/vugluskr/projects/_autoservice/app/libs/__logs.php on line 22
1456831264 - Save CustomerCar 2  in /raid/vugluskr/projects/_autoservice/app/libs/__logs.php on line 22
1456831264 - Save CustomerCar 3  in /raid/vugluskr/projects/_autoservice/app/libs/__logs.php on line 22
1456831264 - Save rat event 3  in /raid/vugluskr/projects/_autoservice/app/libs/__logs.php on line 22
1456831277 - source in /raid/vugluskr/projects/_autoservice/app/libs/__logs.php on line 22
1456831316 - source in /raid/vugluskr/projects/_autoservice/app/libs/__logs.php on line 22
1456831368 - source in /raid/vugluskr/projects/_autoservice/app/libs/__logs.php on line 22
1456831418 - source in /raid/vugluskr/projects/_autoservice/app/libs/__logs.php on line 22
1456831420 - source in /raid/vugluskr/projects/_autoservice/app/libs/__logs.php on line 22
1456831427 - source in /raid/vugluskr/projects/_autoservice/app/libs/__logs.php on line 22
1456831454 - source in /raid/vugluskr/projects/_autoservice/app/libs/__logs.php on line 22
1456893550 - source in /raid/vugluskr/projects/_autoservice/app/libs/__logs.php on line 22
1456894125 - source in /raid/vugluskr/projects/_autoservice/app/libs/__logs.php on line 22
1456894148 - source in /raid/vugluskr/projects/_autoservice/app/libs/__logs.php on line 22
1456894168 - source in /raid/vugluskr/projects/_autoservice/app/libs/__logs.php on line 22
1456894174 - source in /raid/vugluskr/projects/_autoservice/app/libs/__logs.php on line 22
1456894313 - source in /raid/vugluskr/projects/_autoservice/app/libs/__logs.php on line 22
1456894326 - source in /raid/vugluskr/projects/_autoservice/app/libs/__logs.php on line 22
1456894405 - source in /raid/vugluskr/projects/_autoservice/app/libs/__logs.php on line 22
1456894419 - source in /raid/vugluskr/projects/_autoservice/app/libs/__logs.php on line 22
1456894457 - source in /raid/vugluskr/projects/_autoservice/app/libs/__logs.php on line 22
1456894483 - source in /raid/vugluskr/projects/_autoservice/app/libs/__logs.php on line 22
1456894617 - source in /raid/vugluskr/projects/_autoservice/app/libs/__logs.php on line 22
1456894633 - source in /raid/vugluskr/projects/_autoservice/app/libs/__logs.php on line 22
1456894659 - source in /raid/vugluskr/projects/_autoservice/app/libs/__logs.php on line 22
1456894679 - source in /raid/vugluskr/projects/_autoservice/app/libs/__logs.php on line 22
1456894711 - source in /raid/vugluskr/projects/_autoservice/app/libs/__logs.php on line 22
1456894713 - source in /raid/vugluskr/projects/_autoservice/app/libs/__logs.php on line 22
1456894752 - source in /raid/vugluskr/projects/_autoservice/app/libs/__logs.php on line 22
1456894753 - source in /raid/vugluskr/projects/_autoservice/app/libs/__logs.php on line 22
1456894842 - source in /raid/vugluskr/projects/_autoservice/app/libs/__logs.php on line 22
1456894884 - source in /raid/vugluskr/projects/_autoservice/app/libs/__logs.php on line 22
1456894918 - source in /raid/vugluskr/projects/_autoservice/app/libs/__logs.php on line 22
1456894960 - source in /raid/vugluskr/projects/_autoservice/app/libs/__logs.php on line 22
1456894962 - source in /raid/vugluskr/projects/_autoservice/app/libs/__logs.php on line 22
1456894973 - source in /raid/vugluskr/projects/_autoservice/app/libs/__logs.php on line 22
